c:\users\kbc16b18\documents\directx\directxⅱ\制作\dungeongame\game\release\vc140.pdb
c:\users\kbc16b18\documents\directx\directxⅱ\制作\dungeongame\game\release\soundengine.obj
c:\users\kbc16b18\documents\directx\directxⅱ\制作\dungeongame\game\release\particlemanager.obj
c:\users\kbc16b18\documents\directx\directxⅱ\制作\dungeongame\game\release\particleemitter.obj
c:\users\kbc16b18\documents\directx\directxⅱ\制作\dungeongame\game\release\particle.obj
c:\users\kbc16b18\documents\directx\directxⅱ\制作\dungeongame\game\release\modeldatamanager.obj
c:\users\kbc16b18\documents\directx\directxⅱ\制作\dungeongame\game\release\bloom.obj
c:\users\kbc16b18\documents\directx\directxⅱ\制作\dungeongame\game\release\lockeddoor.obj
c:\users\kbc16b18\documents\directx\directxⅱ\制作\dungeongame\game\release\clearmarker.obj
c:\users\kbc16b18\documents\directx\directxⅱ\制作\dungeongame\game\release\main.obj
c:\users\kbc16b18\documents\directx\directxⅱ\制作\dungeongame\game\release\recovery.obj
c:\users\kbc16b18\documents\directx\directxⅱ\制作\dungeongame\game\release\keyitem.obj
c:\users\kbc16b18\documents\directx\directxⅱ\制作\dungeongame\game\release\itembase.obj
c:\users\kbc16b18\documents\directx\directxⅱ\制作\dungeongame\game\release\indexbuffer.obj
c:\users\kbc16b18\documents\directx\directxⅱ\制作\dungeongame\game\release\gameobject.obj
c:\users\kbc16b18\documents\directx\directxⅱ\制作\dungeongame\game\release\gamecamera.obj
c:\users\kbc16b18\documents\directx\directxⅱ\制作\dungeongame\game\release\skelton.obj
c:\users\kbc16b18\documents\directx\directxⅱ\制作\dungeongame\game\release\firstboss.obj
c:\users\kbc16b18\documents\directx\directxⅱ\制作\dungeongame\game\release\enemymanager.obj
c:\users\kbc16b18\documents\directx\directxⅱ\制作\dungeongame\game\release\enemy.obj
c:\users\kbc16b18\documents\directx\directxⅱ\制作\dungeongame\game\release\bossbase.obj
c:\users\kbc16b18\documents\directx\directxⅱ\制作\dungeongame\game\release\rigidbody.obj
c:\users\kbc16b18\documents\directx\directxⅱ\制作\dungeongame\game\release\physics.obj
c:\users\kbc16b18\documents\directx\directxⅱ\制作\dungeongame\game\release\meshcollider.obj
c:\users\kbc16b18\documents\directx\directxⅱ\制作\dungeongame\game\release\charactercontroller.obj
c:\users\kbc16b18\documents\directx\directxⅱ\制作\dungeongame\game\release\capsulecollider.obj
c:\users\kbc16b18\documents\directx\directxⅱ\制作\dungeongame\game\release\cameracollisionsolver.obj
c:\users\kbc16b18\documents\directx\directxⅱ\制作\dungeongame\game\release\pad.obj
c:\users\kbc16b18\documents\directx\directxⅱ\制作\dungeongame\game\release\skinmodeldata.obj
c:\users\kbc16b18\documents\directx\directxⅱ\制作\dungeongame\game\release\skinmodel.obj
c:\users\kbc16b18\documents\directx\directxⅱ\制作\dungeongame\game\release\shadowmap.obj
c:\users\kbc16b18\documents\directx\directxⅱ\制作\dungeongame\game\release\rendertarget.obj
c:\users\kbc16b18\documents\directx\directxⅱ\制作\dungeongame\game\release\effectmanager.obj
c:\users\kbc16b18\documents\directx\directxⅱ\制作\dungeongame\game\release\camera.obj
c:\users\kbc16b18\documents\directx\directxⅱ\制作\dungeongame\game\release\animation.obj
c:\users\kbc16b18\documents\directx\directxⅱ\制作\dungeongame\game\release\sky.obj
c:\users\kbc16b18\documents\directx\directxⅱ\制作\dungeongame\game\release\mapchip.obj
c:\users\kbc16b18\documents\directx\directxⅱ\制作\dungeongame\game\release\map.obj
c:\users\kbc16b18\documents\directx\directxⅱ\制作\dungeongame\game\release\wavefilebank.obj
c:\users\kbc16b18\documents\directx\directxⅱ\制作\dungeongame\game\release\wavefile.obj
c:\users\kbc16b18\documents\directx\directxⅱ\制作\dungeongame\game\release\soundsource.obj
c:\users\kbc16b18\documents\directx\directxⅱ\制作\dungeongame\game\release\vertexbuffer.obj
c:\users\kbc16b18\documents\directx\directxⅱ\制作\dungeongame\game\release\showscore.obj
c:\users\kbc16b18\documents\directx\directxⅱ\制作\dungeongame\game\release\number.obj
c:\users\kbc16b18\documents\directx\directxⅱ\制作\dungeongame\game\release\interface.obj
c:\users\kbc16b18\documents\directx\directxⅱ\制作\dungeongame\game\release\hpgauge.obj
c:\users\kbc16b18\documents\directx\directxⅱ\制作\dungeongame\game\release\sprite.obj
c:\users\kbc16b18\documents\directx\directxⅱ\制作\dungeongame\game\release\titlescene.obj
c:\users\kbc16b18\documents\directx\directxⅱ\制作\dungeongame\game\release\scenemanager.obj
c:\users\kbc16b18\documents\directx\directxⅱ\制作\dungeongame\game\release\scenebase.obj
c:\users\kbc16b18\documents\directx\directxⅱ\制作\dungeongame\game\release\resultscene.obj
c:\users\kbc16b18\documents\directx\directxⅱ\制作\dungeongame\game\release\loadingscene.obj
c:\users\kbc16b18\documents\directx\directxⅱ\制作\dungeongame\game\release\gamescene.obj
c:\users\kbc16b18\documents\directx\directxⅱ\制作\dungeongame\game\release\gameoverscene.obj
c:\users\kbc16b18\documents\directx\directxⅱ\制作\dungeongame\game\release\primitive.obj
c:\users\kbc16b18\documents\directx\directxⅱ\制作\dungeongame\game\release\posteffect.obj
c:\users\kbc16b18\documents\directx\directxⅱ\制作\dungeongame\game\release\playerattack.obj
c:\users\kbc16b18\documents\directx\directxⅱ\制作\dungeongame\game\release\player.obj
c:\users\kbc16b18\documents\directx\directxⅱ\制作\dungeongame\game\release\system.obj
c:\users\kbc16b18\documents\directx\directxⅱ\制作\dungeongame\game\release\spherecollider.obj
c:\users\kbc16b18\documents\directx\directxⅱ\制作\dungeongame\game\release\bosshpgauge.obj
c:\users\kbc16b18\documents\directx\directxⅱ\制作\dungeongame\game\release\bossattack.obj
c:\users\kbc16b18\documents\directx\directxⅱ\制作\dungeongame\game\release\game.pch
c:\users\kbc16b18\documents\directx\directxⅱ\制作\dungeongame\game\release\stdafx.obj
c:\users\kbc16b18\documents\directx\directxⅱ\制作\dungeongame\game\release\secondboss.obj
c:\users\kbc16b18\documents\directx\directxⅱ\制作\dungeongame\game\release\bossattack2.obj
c:\users\kbc16b18\documents\directx\directxⅱ\制作\dungeongame\release\game.exe
c:\users\kbc16b18\documents\directx\directxⅱ\制作\dungeongame\release\game.ipdb
c:\users\kbc16b18\documents\directx\directxⅱ\制作\dungeongame\release\game.iobj
c:\users\kbc16b18\documents\directx\directxⅱ\制作\dungeongame\release\game.pdb
c:\users\kbc16b18\documents\directx\directxⅱ\制作\dungeongame\game\release\game.tlog\cl.command.1.tlog
c:\users\kbc16b18\documents\directx\directxⅱ\制作\dungeongame\game\release\game.tlog\cl.read.1.tlog
c:\users\kbc16b18\documents\directx\directxⅱ\制作\dungeongame\game\release\game.tlog\cl.write.1.tlog
c:\users\kbc16b18\documents\directx\directxⅱ\制作\dungeongame\game\release\game.tlog\link.command.1.tlog
c:\users\kbc16b18\documents\directx\directxⅱ\制作\dungeongame\game\release\game.tlog\link.read.1.tlog
c:\users\kbc16b18\documents\directx\directxⅱ\制作\dungeongame\game\release\game.tlog\link.write.1.tlog
