  BossAttack.cpp
Enemy\BossAttack.cpp(73): warning C4244: '初期化中': 'float' から 'int' への変換です。データが失われる可能性があります。
Enemy\BossAttack.cpp(77): warning C4244: '引数': 'int' から 'FLOAT' への変換です。データが失われる可能性があります。
Enemy\BossAttack.cpp(80): warning C4244: '引数': 'int' から 'FLOAT' への変換です。データが失われる可能性があります。
Enemy\BossAttack.cpp(83): warning C4244: '引数': 'int' から 'FLOAT' への変換です。データが失われる可能性があります。
Enemy\BossAttack.cpp(86): warning C4244: '引数': 'int' から 'FLOAT' への変換です。データが失われる可能性があります。
Enemy\BossAttack.cpp(90): warning C4244: '=': 'float' から 'int' への変換です。データが失われる可能性があります。
Enemy\BossAttack.cpp(97): warning C4244: '引数': 'int' から 'FLOAT' への変換です。データが失われる可能性があります。
  BossBase.cpp
  Enemy.cpp
  FirstBoss.cpp
  SecondBoss.cpp
  Skelton.cpp
  sheep.cpp
  GameCamera.cpp
  ItemBase.cpp
  KeyItem.cpp
  Recovery.cpp
  ClearMarker.cpp
  LockedDoor.cpp
  MapChip.cpp
  Sky.cpp
  Player.cpp
  PlayerAttack.cpp
  GameOverScene.cpp
  GameScene.cpp
  SceneManager.cpp
  コンパイル中...
  HPGauge.cpp
UI\HPGauge.cpp(23): warning C4244: '引数': 'int' から 'FLOAT' への変換です。データが失われる可能性があります。
UI\HPGauge.cpp(32): warning C4244: '引数': 'int' から 'FLOAT' への変換です。データが失われる可能性があります。
UI\HPGauge.cpp(37): warning C4244: '引数': 'int' から 'FLOAT' への変換です。データが失われる可能性があります。
  Interface.cpp
  ShowScore.cpp
  performWarning.cpp
  main.cpp
  コード生成しています。
  41 of 2279 functions ( 1.8%) were compiled, the rest were copied from previous compilation.
    0 functions were new in current compilation
    38 functions had inline decision re-evaluated but remain unchanged
  コード生成が終了しました。
  game.vcxproj -> C:\Users\kbc16b18\Documents\DirectX\DirectXⅡ\制作\DungeonGame\Release\game.exe
  game.vcxproj -> C:\Users\kbc16b18\Documents\DirectX\DirectXⅡ\制作\DungeonGame\Release\game.pdb (Full PDB)
