  WaveFileBank.cpp
d:\userdata\documents\github\game\gametemplate\game\stdafx.h(18): fatal error C1083: include ファイルを開けません。'btBulletDynamicsCommon.h':No such file or directory
  WaveFile.cpp
d:\userdata\documents\github\game\gametemplate\game\stdafx.h(18): fatal error C1083: include ファイルを開けません。'btBulletDynamicsCommon.h':No such file or directory
  VertexBuffer.cpp
d:\userdata\documents\github\game\gametemplate\game\stdafx.h(18): fatal error C1083: include ファイルを開けません。'btBulletDynamicsCommon.h':No such file or directory
  stdafx.cpp
d:\userdata\documents\github\game\gametemplate\game\stdafx.h(18): fatal error C1083: include ファイルを開けません。'btBulletDynamicsCommon.h':No such file or directory
  Sprite.cpp
d:\userdata\documents\github\game\gametemplate\game\stdafx.h(18): fatal error C1083: include ファイルを開けません。'btBulletDynamicsCommon.h':No such file or directory
  SoundSource.cpp
d:\userdata\documents\github\game\gametemplate\game\stdafx.h(18): fatal error C1083: include ファイルを開けません。'btBulletDynamicsCommon.h':No such file or directory
  SoundEngine.cpp
d:\userdata\documents\github\game\gametemplate\game\stdafx.h(18): fatal error C1083: include ファイルを開けません。'btBulletDynamicsCommon.h':No such file or directory
  ShowScore.cpp
d:\userdata\documents\github\game\gametemplate\game\stdafx.h(18): fatal error C1083: include ファイルを開けません。'btBulletDynamicsCommon.h':No such file or directory
  TitleScene.cpp
d:\userdata\documents\github\game\gametemplate\game\stdafx.h(18): fatal error C1083: include ファイルを開けません。'btBulletDynamicsCommon.h':No such file or directory
  SceneManager.cpp
d:\userdata\documents\github\game\gametemplate\game\stdafx.h(18): fatal error C1083: include ファイルを開けません。'btBulletDynamicsCommon.h':No such file or directory
  GameScene.cpp
d:\userdata\documents\github\game\gametemplate\game\stdafx.h(18): fatal error C1083: include ファイルを開けません。'btBulletDynamicsCommon.h':No such file or directory
  SceneBase.cpp
d:\userdata\documents\github\game\gametemplate\game\stdafx.h(18): fatal error C1083: include ファイルを開けません。'btBulletDynamicsCommon.h':No such file or directory
  ResultScene.cpp
d:\userdata\documents\github\game\gametemplate\game\stdafx.h(18): fatal error C1083: include ファイルを開けません。'btBulletDynamicsCommon.h':No such file or directory
  Primitive.cpp
d:\userdata\documents\github\game\gametemplate\game\stdafx.h(18): fatal error C1083: include ファイルを開けません。'btBulletDynamicsCommon.h':No such file or directory
  Player.cpp
d:\userdata\documents\github\game\gametemplate\game\stdafx.h(18): fatal error C1083: include ファイルを開けません。'btBulletDynamicsCommon.h':No such file or directory
  Number.cpp
d:\userdata\documents\github\game\gametemplate\game\stdafx.h(18): fatal error C1083: include ファイルを開けません。'btBulletDynamicsCommon.h':No such file or directory
  System.cpp
d:\userdata\documents\github\game\gametemplate\game\stdafx.h(18): fatal error C1083: include ファイルを開けません。'btBulletDynamicsCommon.h':No such file or directory
  SphereCollider.cpp
d:\userdata\documents\github\game\gametemplate\game\stdafx.h(18): fatal error C1083: include ファイルを開けません。'btBulletDynamicsCommon.h':No such file or directory
  RigidBody.cpp
d:\userdata\documents\github\game\gametemplate\game\stdafx.h(18): fatal error C1083: include ファイルを開けません。'btBulletDynamicsCommon.h':No such file or directory
  Physics.cpp
d:\userdata\documents\github\game\gametemplate\game\stdafx.h(18): fatal error C1083: include ファイルを開けません。'btBulletDynamicsCommon.h':No such file or directory
  コードを生成中...
  コンパイル中...
  MeshCollider.cpp
d:\userdata\documents\github\game\gametemplate\game\stdafx.h(18): fatal error C1083: include ファイルを開けません。'btBulletDynamicsCommon.h':No such file or directory
  CharacterController.cpp
d:\userdata\documents\github\game\gametemplate\game\stdafx.h(18): fatal error C1083: include ファイルを開けません。'btBulletDynamicsCommon.h':No such file or directory
  CapsuleCollider.cpp
d:\userdata\documents\github\game\gametemplate\game\stdafx.h(18): fatal error C1083: include ファイルを開けません。'btBulletDynamicsCommon.h':No such file or directory
  CameraCollisionSolver.cpp
d:\userdata\documents\github\game\gametemplate\game\stdafx.h(18): fatal error C1083: include ファイルを開けません。'btBulletDynamicsCommon.h':No such file or directory
  Pad.cpp
d:\userdata\documents\github\game\gametemplate\game\stdafx.h(18): fatal error C1083: include ファイルを開けません。'btBulletDynamicsCommon.h':No such file or directory
  SkinModelData.cpp
d:\userdata\documents\github\game\gametemplate\game\stdafx.h(18): fatal error C1083: include ファイルを開けません。'btBulletDynamicsCommon.h':No such file or directory
  SkinModel.cpp
d:\userdata\documents\github\game\gametemplate\game\stdafx.h(18): fatal error C1083: include ファイルを開けません。'btBulletDynamicsCommon.h':No such file or directory
  ShadowMap.cpp
d:\userdata\documents\github\game\gametemplate\game\stdafx.h(18): fatal error C1083: include ファイルを開けません。'btBulletDynamicsCommon.h':No such file or directory
  RenderTarget.cpp
d:\userdata\documents\github\game\gametemplate\game\stdafx.h(18): fatal error C1083: include ファイルを開けません。'btBulletDynamicsCommon.h':No such file or directory
  EffectManager.cpp
d:\userdata\documents\github\game\gametemplate\game\stdafx.h(18): fatal error C1083: include ファイルを開けません。'btBulletDynamicsCommon.h':No such file or directory
  Camera.cpp
d:\userdata\documents\github\game\gametemplate\game\stdafx.h(18): fatal error C1083: include ファイルを開けません。'btBulletDynamicsCommon.h':No such file or directory
  Animation.cpp
d:\userdata\documents\github\game\gametemplate\game\stdafx.h(18): fatal error C1083: include ファイルを開けません。'btBulletDynamicsCommon.h':No such file or directory
  Sky.cpp
d:\userdata\documents\github\game\gametemplate\game\stdafx.h(18): fatal error C1083: include ファイルを開けません。'btBulletDynamicsCommon.h':No such file or directory
  MapChip.cpp
d:\userdata\documents\github\game\gametemplate\game\stdafx.h(18): fatal error C1083: include ファイルを開けません。'btBulletDynamicsCommon.h':No such file or directory
  Map.cpp
d:\userdata\documents\github\game\gametemplate\game\stdafx.h(18): fatal error C1083: include ファイルを開けません。'btBulletDynamicsCommon.h':No such file or directory
  PostEffect.cpp
d:\userdata\documents\github\game\gametemplate\game\stdafx.h(18): fatal error C1083: include ファイルを開けません。'btBulletDynamicsCommon.h':No such file or directory
  ParticleEmitter.cpp
d:\userdata\documents\github\game\gametemplate\game\stdafx.h(18): fatal error C1083: include ファイルを開けません。'btBulletDynamicsCommon.h':No such file or directory
  Particle.cpp
d:\userdata\documents\github\game\gametemplate\game\stdafx.h(18): fatal error C1083: include ファイルを開けません。'btBulletDynamicsCommon.h':No such file or directory
  main.cpp
d:\userdata\documents\github\game\gametemplate\game\stdafx.h(18): fatal error C1083: include ファイルを開けません。'btBulletDynamicsCommon.h':No such file or directory
  LoadingScene.cpp
d:\userdata\documents\github\game\gametemplate\game\stdafx.h(18): fatal error C1083: include ファイルを開けません。'btBulletDynamicsCommon.h':No such file or directory
  コードを生成中...
  コンパイル中...
  Interface.cpp
d:\userdata\documents\github\game\gametemplate\game\stdafx.h(18): fatal error C1083: include ファイルを開けません。'btBulletDynamicsCommon.h':No such file or directory
  IndexBuffer.cpp
d:\userdata\documents\github\game\gametemplate\game\stdafx.h(18): fatal error C1083: include ファイルを開けません。'btBulletDynamicsCommon.h':No such file or directory
  HPGauge.cpp
d:\userdata\documents\github\game\gametemplate\game\stdafx.h(18): fatal error C1083: include ファイルを開けません。'btBulletDynamicsCommon.h':No such file or directory
  GameOverScene.cpp
d:\userdata\documents\github\game\gametemplate\game\stdafx.h(18): fatal error C1083: include ファイルを開けません。'btBulletDynamicsCommon.h':No such file or directory
  GameCamera.cpp
d:\userdata\documents\github\game\gametemplate\game\stdafx.h(18): fatal error C1083: include ファイルを開けません。'btBulletDynamicsCommon.h':No such file or directory
  Skelton.cpp
d:\userdata\documents\github\game\gametemplate\game\stdafx.h(18): fatal error C1083: include ファイルを開けません。'btBulletDynamicsCommon.h':No such file or directory
  EnemyManager.cpp
d:\userdata\documents\github\game\gametemplate\game\stdafx.h(18): fatal error C1083: include ファイルを開けません。'btBulletDynamicsCommon.h':No such file or directory
  Enemy.cpp
d:\userdata\documents\github\game\gametemplate\game\stdafx.h(18): fatal error C1083: include ファイルを開けません。'btBulletDynamicsCommon.h':No such file or directory
  ClearMarker.cpp
d:\userdata\documents\github\game\gametemplate\game\stdafx.h(18): fatal error C1083: include ファイルを開けません。'btBulletDynamicsCommon.h':No such file or directory
  bloom.cpp
d:\userdata\documents\github\game\gametemplate\game\stdafx.h(18): fatal error C1083: include ファイルを開けません。'btBulletDynamicsCommon.h':No such file or directory
  コードを生成中...
