  VertexBuffer.cpp
c:\users\kbc16b18\documents\directx\directxⅱ\制作\dungeongame\game\stdafx.h(19): fatal error C1083: include ファイルを開けません。'btBulletDynamicsCommon.h':No such file or directory
  ShowScore.cpp
c:\users\kbc16b18\documents\directx\directxⅱ\制作\dungeongame\game\stdafx.h(19): fatal error C1083: include ファイルを開けません。'btBulletDynamicsCommon.h':No such file or directory
  Number.cpp
c:\users\kbc16b18\documents\directx\directxⅱ\制作\dungeongame\game\stdafx.h(19): fatal error C1083: include ファイルを開けません。'btBulletDynamicsCommon.h':No such file or directory
  Interface.cpp
c:\users\kbc16b18\documents\directx\directxⅱ\制作\dungeongame\game\stdafx.h(19): fatal error C1083: include ファイルを開けません。'btBulletDynamicsCommon.h':No such file or directory
  HPGauge.cpp
c:\users\kbc16b18\documents\directx\directxⅱ\制作\dungeongame\game\stdafx.h(19): fatal error C1083: include ファイルを開けません。'btBulletDynamicsCommon.h':No such file or directory
  BossHPGauge.cpp
c:\users\kbc16b18\documents\directx\directxⅱ\制作\dungeongame\game\stdafx.h(19): fatal error C1083: include ファイルを開けません。'btBulletDynamicsCommon.h':No such file or directory
  stdafx.cpp
c:\users\kbc16b18\documents\directx\directxⅱ\制作\dungeongame\game\stdafx.h(19): fatal error C1083: include ファイルを開けません。'btBulletDynamicsCommon.h':No such file or directory
  Sprite.cpp
c:\users\kbc16b18\documents\directx\directxⅱ\制作\dungeongame\game\stdafx.h(19): fatal error C1083: include ファイルを開けません。'btBulletDynamicsCommon.h':No such file or directory
  TitleScene.cpp
c:\users\kbc16b18\documents\directx\directxⅱ\制作\dungeongame\game\stdafx.h(19): fatal error C1083: include ファイルを開けません。'btBulletDynamicsCommon.h':No such file or directory
  SceneManager.cpp
c:\users\kbc16b18\documents\directx\directxⅱ\制作\dungeongame\game\stdafx.h(19): fatal error C1083: include ファイルを開けません。'btBulletDynamicsCommon.h':No such file or directory
  SceneBase.cpp
c:\users\kbc16b18\documents\directx\directxⅱ\制作\dungeongame\game\stdafx.h(19): fatal error C1083: include ファイルを開けません。'btBulletDynamicsCommon.h':No such file or directory
  ResultScene.cpp
c:\users\kbc16b18\documents\directx\directxⅱ\制作\dungeongame\game\stdafx.h(19): fatal error C1083: include ファイルを開けません。'btBulletDynamicsCommon.h':No such file or directory
  LoadingScene.cpp
c:\users\kbc16b18\documents\directx\directxⅱ\制作\dungeongame\game\stdafx.h(19): fatal error C1083: include ファイルを開けません。'btBulletDynamicsCommon.h':No such file or directory
  GameScene.cpp
c:\users\kbc16b18\documents\directx\directxⅱ\制作\dungeongame\game\stdafx.h(19): fatal error C1083: include ファイルを開けません。'btBulletDynamicsCommon.h':No such file or directory
  GameOverScene.cpp
c:\users\kbc16b18\documents\directx\directxⅱ\制作\dungeongame\game\stdafx.h(19): fatal error C1083: include ファイルを開けません。'btBulletDynamicsCommon.h':No such file or directory
  Primitive.cpp
c:\users\kbc16b18\documents\directx\directxⅱ\制作\dungeongame\game\stdafx.h(19): fatal error C1083: include ファイルを開けません。'btBulletDynamicsCommon.h':No such file or directory
  PostEffect.cpp
c:\users\kbc16b18\documents\directx\directxⅱ\制作\dungeongame\game\stdafx.h(19): fatal error C1083: include ファイルを開けません。'btBulletDynamicsCommon.h':No such file or directory
  PlayerAttack.cpp
c:\users\kbc16b18\documents\directx\directxⅱ\制作\dungeongame\game\stdafx.h(19): fatal error C1083: include ファイルを開けません。'btBulletDynamicsCommon.h':No such file or directory
  Player.cpp
c:\users\kbc16b18\documents\directx\directxⅱ\制作\dungeongame\game\stdafx.h(19): fatal error C1083: include ファイルを開けません。'btBulletDynamicsCommon.h':No such file or directory
  System.cpp
c:\users\kbc16b18\documents\directx\directxⅱ\制作\dungeongame\game\stdafx.h(19): fatal error C1083: include ファイルを開けません。'btBulletDynamicsCommon.h':No such file or directory
  コードを生成中...
  コンパイル中...
  SphereCollider.cpp
c:\users\kbc16b18\documents\directx\directxⅱ\制作\dungeongame\game\stdafx.h(19): fatal error C1083: include ファイルを開けません。'btBulletDynamicsCommon.h':No such file or directory
  RigidBody.cpp
c:\users\kbc16b18\documents\directx\directxⅱ\制作\dungeongame\game\stdafx.h(19): fatal error C1083: include ファイルを開けません。'btBulletDynamicsCommon.h':No such file or directory
  Physics.cpp
c:\users\kbc16b18\documents\directx\directxⅱ\制作\dungeongame\game\stdafx.h(19): fatal error C1083: include ファイルを開けません。'btBulletDynamicsCommon.h':No such file or directory
  MeshCollider.cpp
c:\users\kbc16b18\documents\directx\directxⅱ\制作\dungeongame\game\stdafx.h(19): fatal error C1083: include ファイルを開けません。'btBulletDynamicsCommon.h':No such file or directory
  CharacterController.cpp
c:\users\kbc16b18\documents\directx\directxⅱ\制作\dungeongame\game\stdafx.h(19): fatal error C1083: include ファイルを開けません。'btBulletDynamicsCommon.h':No such file or directory
  CapsuleCollider.cpp
c:\users\kbc16b18\documents\directx\directxⅱ\制作\dungeongame\game\stdafx.h(19): fatal error C1083: include ファイルを開けません。'btBulletDynamicsCommon.h':No such file or directory
  CameraCollisionSolver.cpp
c:\users\kbc16b18\documents\directx\directxⅱ\制作\dungeongame\game\stdafx.h(19): fatal error C1083: include ファイルを開けません。'btBulletDynamicsCommon.h':No such file or directory
  Pad.cpp
c:\users\kbc16b18\documents\directx\directxⅱ\制作\dungeongame\game\stdafx.h(19): fatal error C1083: include ファイルを開けません。'btBulletDynamicsCommon.h':No such file or directory
  SkinModelData.cpp
c:\users\kbc16b18\documents\directx\directxⅱ\制作\dungeongame\game\stdafx.h(19): fatal error C1083: include ファイルを開けません。'btBulletDynamicsCommon.h':No such file or directory
  SkinModel.cpp
c:\users\kbc16b18\documents\directx\directxⅱ\制作\dungeongame\game\stdafx.h(19): fatal error C1083: include ファイルを開けません。'btBulletDynamicsCommon.h':No such file or directory
  ShadowMap.cpp
c:\users\kbc16b18\documents\directx\directxⅱ\制作\dungeongame\game\stdafx.h(19): fatal error C1083: include ファイルを開けません。'btBulletDynamicsCommon.h':No such file or directory
  RenderTarget.cpp
c:\users\kbc16b18\documents\directx\directxⅱ\制作\dungeongame\game\stdafx.h(19): fatal error C1083: include ファイルを開けません。'btBulletDynamicsCommon.h':No such file or directory
  EffectManager.cpp
c:\users\kbc16b18\documents\directx\directxⅱ\制作\dungeongame\game\stdafx.h(19): fatal error C1083: include ファイルを開けません。'btBulletDynamicsCommon.h':No such file or directory
  Camera.cpp
c:\users\kbc16b18\documents\directx\directxⅱ\制作\dungeongame\game\stdafx.h(19): fatal error C1083: include ファイルを開けません。'btBulletDynamicsCommon.h':No such file or directory
  Animation.cpp
c:\users\kbc16b18\documents\directx\directxⅱ\制作\dungeongame\game\stdafx.h(19): fatal error C1083: include ファイルを開けません。'btBulletDynamicsCommon.h':No such file or directory
  Sky.cpp
c:\users\kbc16b18\documents\directx\directxⅱ\制作\dungeongame\game\stdafx.h(19): fatal error C1083: include ファイルを開けません。'btBulletDynamicsCommon.h':No such file or directory
  MapChip.cpp
c:\users\kbc16b18\documents\directx\directxⅱ\制作\dungeongame\game\stdafx.h(19): fatal error C1083: include ファイルを開けません。'btBulletDynamicsCommon.h':No such file or directory
  Map.cpp
c:\users\kbc16b18\documents\directx\directxⅱ\制作\dungeongame\game\stdafx.h(19): fatal error C1083: include ファイルを開けません。'btBulletDynamicsCommon.h':No such file or directory
  WaveFileBank.cpp
c:\users\kbc16b18\documents\directx\directxⅱ\制作\dungeongame\game\stdafx.h(19): fatal error C1083: include ファイルを開けません。'btBulletDynamicsCommon.h':No such file or directory
  WaveFile.cpp
c:\users\kbc16b18\documents\directx\directxⅱ\制作\dungeongame\game\stdafx.h(19): fatal error C1083: include ファイルを開けません。'btBulletDynamicsCommon.h':No such file or directory
  コードを生成中...
  コンパイル中...
  SoundSource.cpp
c:\users\kbc16b18\documents\directx\directxⅱ\制作\dungeongame\game\stdafx.h(19): fatal error C1083: include ファイルを開けません。'btBulletDynamicsCommon.h':No such file or directory
  SoundEngine.cpp
c:\users\kbc16b18\documents\directx\directxⅱ\制作\dungeongame\game\stdafx.h(19): fatal error C1083: include ファイルを開けません。'btBulletDynamicsCommon.h':No such file or directory
  ParticleManager.cpp
c:\users\kbc16b18\documents\directx\directxⅱ\制作\dungeongame\game\stdafx.h(19): fatal error C1083: include ファイルを開けません。'btBulletDynamicsCommon.h':No such file or directory
  ParticleEmitter.cpp
c:\users\kbc16b18\documents\directx\directxⅱ\制作\dungeongame\game\stdafx.h(19): fatal error C1083: include ファイルを開けません。'btBulletDynamicsCommon.h':No such file or directory
  Particle.cpp
c:\users\kbc16b18\documents\directx\directxⅱ\制作\dungeongame\game\stdafx.h(19): fatal error C1083: include ファイルを開けません。'btBulletDynamicsCommon.h':No such file or directory
  ModelDataManager.cpp
c:\users\kbc16b18\documents\directx\directxⅱ\制作\dungeongame\game\stdafx.h(19): fatal error C1083: include ファイルを開けません。'btBulletDynamicsCommon.h':No such file or directory
  bloom.cpp
c:\users\kbc16b18\documents\directx\directxⅱ\制作\dungeongame\game\stdafx.h(19): fatal error C1083: include ファイルを開けません。'btBulletDynamicsCommon.h':No such file or directory
  LockedDoor.cpp
c:\users\kbc16b18\documents\directx\directxⅱ\制作\dungeongame\game\stdafx.h(19): fatal error C1083: include ファイルを開けません。'btBulletDynamicsCommon.h':No such file or directory
  ClearMarker.cpp
c:\users\kbc16b18\documents\directx\directxⅱ\制作\dungeongame\game\stdafx.h(19): fatal error C1083: include ファイルを開けません。'btBulletDynamicsCommon.h':No such file or directory
  main.cpp
c:\users\kbc16b18\documents\directx\directxⅱ\制作\dungeongame\game\stdafx.h(19): fatal error C1083: include ファイルを開けません。'btBulletDynamicsCommon.h':No such file or directory
  Recovery.cpp
c:\users\kbc16b18\documents\directx\directxⅱ\制作\dungeongame\game\stdafx.h(19): fatal error C1083: include ファイルを開けません。'btBulletDynamicsCommon.h':No such file or directory
  KeyItem.cpp
c:\users\kbc16b18\documents\directx\directxⅱ\制作\dungeongame\game\stdafx.h(19): fatal error C1083: include ファイルを開けません。'btBulletDynamicsCommon.h':No such file or directory
  ItemBase.cpp
c:\users\kbc16b18\documents\directx\directxⅱ\制作\dungeongame\game\stdafx.h(19): fatal error C1083: include ファイルを開けません。'btBulletDynamicsCommon.h':No such file or directory
  IndexBuffer.cpp
c:\users\kbc16b18\documents\directx\directxⅱ\制作\dungeongame\game\stdafx.h(19): fatal error C1083: include ファイルを開けません。'btBulletDynamicsCommon.h':No such file or directory
  GameObject.cpp
c:\users\kbc16b18\documents\directx\directxⅱ\制作\dungeongame\game\stdafx.h(19): fatal error C1083: include ファイルを開けません。'btBulletDynamicsCommon.h':No such file or directory
  GameCamera.cpp
c:\users\kbc16b18\documents\directx\directxⅱ\制作\dungeongame\game\stdafx.h(19): fatal error C1083: include ファイルを開けません。'btBulletDynamicsCommon.h':No such file or directory
  Skelton.cpp
c:\users\kbc16b18\documents\directx\directxⅱ\制作\dungeongame\game\stdafx.h(19): fatal error C1083: include ファイルを開けません。'btBulletDynamicsCommon.h':No such file or directory
  FirstBoss.cpp
c:\users\kbc16b18\documents\directx\directxⅱ\制作\dungeongame\game\stdafx.h(19): fatal error C1083: include ファイルを開けません。'btBulletDynamicsCommon.h':No such file or directory
  EnemyManager.cpp
c:\users\kbc16b18\documents\directx\directxⅱ\制作\dungeongame\game\stdafx.h(19): fatal error C1083: include ファイルを開けません。'btBulletDynamicsCommon.h':No such file or directory
  Enemy.cpp
c:\users\kbc16b18\documents\directx\directxⅱ\制作\dungeongame\game\stdafx.h(19): fatal error C1083: include ファイルを開けません。'btBulletDynamicsCommon.h':No such file or directory
  コードを生成中...
  コンパイル中...
  BossBase.cpp
c:\users\kbc16b18\documents\directx\directxⅱ\制作\dungeongame\game\stdafx.h(19): fatal error C1083: include ファイルを開けません。'btBulletDynamicsCommon.h':No such file or directory
  BossAttack.cpp
c:\users\kbc16b18\documents\directx\directxⅱ\制作\dungeongame\game\stdafx.h(19): fatal error C1083: include ファイルを開けません。'btBulletDynamicsCommon.h':No such file or directory
  コードを生成中...
