  stdafx.cpp
c:\users\kbc16b18\documents\directx\directxⅱ\制作\dungeongame\game\myengine\graphics\skinmodel.h(77): warning C4101: 'isShadowCaster': ローカル変数は 1 度も使われていません。
  VertexBuffer.cpp
  ShowScore.cpp
  Number.cpp
  Interface.cpp
  HPGauge.cpp
c:\users\kbc16b18\documents\directx\directxⅱ\制作\dungeongame\game\ui\hpgauge.cpp(21): warning C4244: '引数': 'int' から 'FLOAT' への変換です。データが失われる可能性があります。
c:\users\kbc16b18\documents\directx\directxⅱ\制作\dungeongame\game\ui\hpgauge.cpp(30): warning C4244: '引数': 'int' から 'FLOAT' への変換です。データが失われる可能性があります。
c:\users\kbc16b18\documents\directx\directxⅱ\制作\dungeongame\game\ui\hpgauge.cpp(35): warning C4244: '引数': 'int' から 'FLOAT' への変換です。データが失われる可能性があります。
  BossHPGauge.cpp
c:\users\kbc16b18\documents\directx\directxⅱ\制作\dungeongame\game\ui\bosshpgauge.cpp(19): warning C4244: '引数': 'int' から 'FLOAT' への変換です。データが失われる可能性があります。
c:\users\kbc16b18\documents\directx\directxⅱ\制作\dungeongame\game\ui\bosshpgauge.cpp(27): warning C4244: '引数': 'int' から 'FLOAT' への変換です。データが失われる可能性があります。
  Sprite.cpp
c:\users\kbc16b18\documents\directx\directxⅱ\制作\dungeongame\game\sprite.cpp(34): warning C4838: 'UINT' から 'LONG' への変換には縮小変換が必要です
  TitleScene.cpp
  SceneManager.cpp
  SceneBase.cpp
  ResultScene.cpp
  LoadingScene.cpp
  GameScene.cpp
  GameOverScene.cpp
  Primitive.cpp
  PostEffect.cpp
  PlayerAttack.cpp
  Player.cpp
  System.cpp
  SphereCollider.cpp
  コードを生成中...
  コンパイル中...
  RigidBody.cpp
  Physics.cpp
  MeshCollider.cpp
  CharacterController.cpp
  CapsuleCollider.cpp
  CameraCollisionSolver.cpp
  Pad.cpp
  SkinModelData.cpp
c:\users\kbc16b18\documents\directx\directxⅱ\制作\dungeongame\game\myengine\graphics\skinmodeldata.cpp(320): warning C4316: 'D3DXFRAME_DERIVED': ヒープで割り当てられたオブジェクトが 16 にアラインメントされていない可能性があります
c:\users\kbc16b18\documents\directx\directxⅱ\制作\dungeongame\game\myengine\graphics\skinmodeldata.cpp(677): warning C4316: 'D3DXFRAME_DERIVED': ヒープで割り当てられたオブジェクトが 16 にアラインメントされていない可能性があります
c:\users\kbc16b18\documents\directx\directxⅱ\制作\dungeongame\game\myengine\graphics\skinmodeldata.cpp(717): warning C4316: 'D3DXFRAME_DERIVED': ヒープで割り当てられたオブジェクトが 16 にアラインメントされていない可能性があります
c:\users\kbc16b18\documents\directx\directxⅱ\制作\dungeongame\game\myengine\graphics\skinmodeldata.cpp(726): warning C4316: 'D3DXFRAME_DERIVED': ヒープで割り当てられたオブジェクトが 16 にアラインメントされていない可能性があります
  SkinModel.cpp
  ShadowMap.cpp
  RenderTarget.cpp
  EffectManager.cpp
  Camera.cpp
  Animation.cpp
  Sky.cpp
  MapChip.cpp
  Map.cpp
  WaveFileBank.cpp
  WaveFile.cpp
  SoundSource.cpp
  コードを生成中...
  コンパイル中...
  SoundEngine.cpp
  ParticleManager.cpp
  ParticleEmitter.cpp
  Particle.cpp
  ModelDataManager.cpp
  bloom.cpp
  LockedDoor.cpp
  ClearMarker.cpp
  main.cpp
  Recovery.cpp
  KeyItem.cpp
  ItemBase.cpp
  IndexBuffer.cpp
  GameObject.cpp
  GameCamera.cpp
  Skelton.cpp
  FirstBoss.cpp
  EnemyManager.cpp
  Enemy.cpp
  BossBase.cpp
  コードを生成中...
  コンパイル中...
  BossAttack.cpp
c:\users\kbc16b18\documents\directx\directxⅱ\制作\dungeongame\game\enemy\bossattack.cpp(64): warning C4244: '初期化中': 'float' から 'int' への変換です。データが失われる可能性があります。
c:\users\kbc16b18\documents\directx\directxⅱ\制作\dungeongame\game\enemy\bossattack.cpp(67): warning C4244: '引数': 'int' から 'FLOAT' への変換です。データが失われる可能性があります。
c:\users\kbc16b18\documents\directx\directxⅱ\制作\dungeongame\game\enemy\bossattack.cpp(70): warning C4244: '引数': 'int' から 'FLOAT' への変換です。データが失われる可能性があります。
c:\users\kbc16b18\documents\directx\directxⅱ\制作\dungeongame\game\enemy\bossattack.cpp(73): warning C4244: '引数': 'int' から 'FLOAT' への変換です。データが失われる可能性があります。
c:\users\kbc16b18\documents\directx\directxⅱ\制作\dungeongame\game\enemy\bossattack.cpp(76): warning C4244: '引数': 'int' から 'FLOAT' への変換です。データが失われる可能性があります。
  コードを生成中...
  game.vcxproj -> C:\Users\kbc16b18\Documents\DirectX\DirectXⅡ\制作\DungeonGame\Debug\game.exe
  game.vcxproj -> C:\Users\kbc16b18\Documents\DirectX\DirectXⅡ\制作\DungeonGame\Debug\game.pdb (Full PDB)
