c:\users\kbc16b18\documents\directx\directxⅱ\gametemplate\game\debug\game.pch
c:\users\kbc16b18\documents\directx\directxⅱ\gametemplate\game\debug\vc140.pdb
c:\users\kbc16b18\documents\directx\directxⅱ\gametemplate\game\debug\vc140.idb
c:\users\kbc16b18\documents\directx\directxⅱ\gametemplate\game\debug\stdafx.obj
c:\users\kbc16b18\documents\directx\directxⅱ\gametemplate\game\debug\skinmodel.obj
c:\users\kbc16b18\documents\directx\directxⅱ\gametemplate\game\debug\skinmodeldata.obj
c:\users\kbc16b18\documents\directx\directxⅱ\gametemplate\game\debug\pad.obj
c:\users\kbc16b18\documents\directx\directxⅱ\gametemplate\game\debug\cameracollisionsolver.obj
c:\users\kbc16b18\documents\directx\directxⅱ\gametemplate\game\debug\capsulecollider.obj
c:\users\kbc16b18\documents\directx\directxⅱ\gametemplate\game\debug\charactercontroller.obj
c:\users\kbc16b18\documents\directx\directxⅱ\gametemplate\game\debug\meshcollider.obj
c:\users\kbc16b18\documents\directx\directxⅱ\gametemplate\game\debug\physics.obj
c:\users\kbc16b18\documents\directx\directxⅱ\gametemplate\game\debug\rigidbody.obj
c:\users\kbc16b18\documents\directx\directxⅱ\gametemplate\game\debug\spherecollider.obj
c:\users\kbc16b18\documents\directx\directxⅱ\gametemplate\game\debug\number.obj
c:\users\kbc16b18\documents\directx\directxⅱ\gametemplate\game\debug\player.obj
c:\users\kbc16b18\documents\directx\directxⅱ\gametemplate\game\debug\resultscene.obj
c:\users\kbc16b18\documents\directx\directxⅱ\gametemplate\game\debug\scenebase.obj
c:\users\kbc16b18\documents\directx\directxⅱ\gametemplate\game\debug\gamescene.obj
c:\users\kbc16b18\documents\directx\directxⅱ\gametemplate\game\debug\scenemanager.obj
c:\users\kbc16b18\documents\directx\directxⅱ\gametemplate\game\debug\titlescene.obj
c:\users\kbc16b18\documents\directx\directxⅱ\gametemplate\game\debug\showscore.obj
c:\users\kbc16b18\documents\directx\directxⅱ\gametemplate\game\debug\sprite.obj
c:\users\kbc16b18\documents\directx\directxⅱ\gametemplate\game\debug\clearmarker.obj
c:\users\kbc16b18\documents\directx\directxⅱ\gametemplate\game\debug\enemy.obj
c:\users\kbc16b18\documents\directx\directxⅱ\gametemplate\game\debug\enemymanager.obj
c:\users\kbc16b18\documents\directx\directxⅱ\gametemplate\game\debug\skelton.obj
c:\users\kbc16b18\documents\directx\directxⅱ\gametemplate\game\debug\gamecamera.obj
c:\users\kbc16b18\documents\directx\directxⅱ\gametemplate\game\debug\gameoverscene.obj
c:\users\kbc16b18\documents\directx\directxⅱ\gametemplate\game\debug\hpgauge.obj
c:\users\kbc16b18\documents\directx\directxⅱ\gametemplate\game\debug\loadingscene.obj
c:\users\kbc16b18\documents\directx\directxⅱ\gametemplate\game\debug\main.obj
c:\users\kbc16b18\documents\directx\directxⅱ\gametemplate\game\debug\map.obj
c:\users\kbc16b18\documents\directx\directxⅱ\gametemplate\game\debug\mapchip.obj
c:\users\kbc16b18\documents\directx\directxⅱ\gametemplate\game\debug\sky.obj
c:\users\kbc16b18\documents\directx\directxⅱ\gametemplate\game\debug\animation.obj
c:\users\kbc16b18\documents\directx\directxⅱ\gametemplate\game\debug\camera.obj
c:\users\kbc16b18\documents\directx\directxⅱ\gametemplate\game\debug\effectmanager.obj
c:\users\kbc16b18\documents\directx\directxⅱ\gametemplate\game\debug\rendertarget.obj
c:\users\kbc16b18\documents\directx\directxⅱ\gametemplate\game\debug\system.obj
c:\users\kbc16b18\documents\directx\directxⅱ\gametemplate\game\debug\shadowmap.obj
c:\users\kbc16b18\documents\directx\directxⅱ\gametemplate\game\debug\primitive.obj
c:\users\kbc16b18\documents\directx\directxⅱ\gametemplate\game\debug\vertexbuffer.obj
c:\users\kbc16b18\documents\directx\directxⅱ\gametemplate\game\debug\indexbuffer.obj
c:\users\kbc16b18\documents\directx\directxⅱ\gametemplate\game\debug\interface.obj
c:\users\kbc16b18\documents\directx\directxⅱ\gametemplate\game\debug\posteffect.obj
c:\users\kbc16b18\documents\directx\directxⅱ\gametemplate\game\debug\bloom.obj
c:\users\kbc16b18\documents\directx\directxⅱ\gametemplate\game\debug\particle.obj
c:\users\kbc16b18\documents\directx\directxⅱ\gametemplate\game\debug\particleemitter.obj
c:\users\kbc16b18\documents\directx\directxⅱ\gametemplate\debug\game.ilk
c:\users\kbc16b18\documents\directx\directxⅱ\gametemplate\debug\game.exe
c:\users\kbc16b18\documents\directx\directxⅱ\gametemplate\debug\game.pdb
c:\users\kbc16b18\documents\directx\directxⅱ\gametemplate\game\debug\game.tlog\cl.command.1.tlog
c:\users\kbc16b18\documents\directx\directxⅱ\gametemplate\game\debug\game.tlog\cl.read.1.tlog
c:\users\kbc16b18\documents\directx\directxⅱ\gametemplate\game\debug\game.tlog\cl.write.1.tlog
c:\users\kbc16b18\documents\directx\directxⅱ\gametemplate\game\debug\game.tlog\link.command.1.tlog
c:\users\kbc16b18\documents\directx\directxⅱ\gametemplate\game\debug\game.tlog\link.read.1.tlog
c:\users\kbc16b18\documents\directx\directxⅱ\gametemplate\game\debug\game.tlog\link.write.1.tlog
