c:\users\kbc16b18\documents\directx\directxⅱ\gametemplate\game\release\vc140.pdb
c:\users\kbc16b18\documents\directx\directxⅱ\gametemplate\game\release\capsulecollider.obj
c:\users\kbc16b18\documents\directx\directxⅱ\gametemplate\game\release\cameracollisionsolver.obj
c:\users\kbc16b18\documents\directx\directxⅱ\gametemplate\game\release\pad.obj
c:\users\kbc16b18\documents\directx\directxⅱ\gametemplate\game\release\skinmodeldata.obj
c:\users\kbc16b18\documents\directx\directxⅱ\gametemplate\game\release\skinmodel.obj
c:\users\kbc16b18\documents\directx\directxⅱ\gametemplate\game\release\effectmanager.obj
c:\users\kbc16b18\documents\directx\directxⅱ\gametemplate\game\release\camera.obj
c:\users\kbc16b18\documents\directx\directxⅱ\gametemplate\game\release\animation.obj
c:\users\kbc16b18\documents\directx\directxⅱ\gametemplate\game\release\sky.obj
c:\users\kbc16b18\documents\directx\directxⅱ\gametemplate\game\release\mapchip.obj
c:\users\kbc16b18\documents\directx\directxⅱ\gametemplate\game\release\map.obj
c:\users\kbc16b18\documents\directx\directxⅱ\gametemplate\game\release\main.obj
c:\users\kbc16b18\documents\directx\directxⅱ\gametemplate\game\release\loadingscene.obj
c:\users\kbc16b18\documents\directx\directxⅱ\gametemplate\game\release\hpgauge.obj
c:\users\kbc16b18\documents\directx\directxⅱ\gametemplate\game\release\gameoverscene.obj
c:\users\kbc16b18\documents\directx\directxⅱ\gametemplate\game\release\gamecamera.obj
c:\users\kbc16b18\documents\directx\directxⅱ\gametemplate\game\release\skelton.obj
c:\users\kbc16b18\documents\directx\directxⅱ\gametemplate\game\release\enemymanager.obj
c:\users\kbc16b18\documents\directx\directxⅱ\gametemplate\game\release\enemy.obj
c:\users\kbc16b18\documents\directx\directxⅱ\gametemplate\game\release\clearmarker.obj
c:\users\kbc16b18\documents\directx\directxⅱ\gametemplate\game\release\sprite.obj
c:\users\kbc16b18\documents\directx\directxⅱ\gametemplate\game\release\showscore.obj
c:\users\kbc16b18\documents\directx\directxⅱ\gametemplate\game\release\shadowmap.obj
c:\users\kbc16b18\documents\directx\directxⅱ\gametemplate\game\release\titlescene.obj
c:\users\kbc16b18\documents\directx\directxⅱ\gametemplate\game\release\scenemanager.obj
c:\users\kbc16b18\documents\directx\directxⅱ\gametemplate\game\release\gamescene.obj
c:\users\kbc16b18\documents\directx\directxⅱ\gametemplate\game\release\scenebase.obj
c:\users\kbc16b18\documents\directx\directxⅱ\gametemplate\game\release\resultscene.obj
c:\users\kbc16b18\documents\directx\directxⅱ\gametemplate\game\release\rendertarget.obj
c:\users\kbc16b18\documents\directx\directxⅱ\gametemplate\game\release\player.obj
c:\users\kbc16b18\documents\directx\directxⅱ\gametemplate\game\release\number.obj
c:\users\kbc16b18\documents\directx\directxⅱ\gametemplate\game\release\system.obj
c:\users\kbc16b18\documents\directx\directxⅱ\gametemplate\game\release\spherecollider.obj
c:\users\kbc16b18\documents\directx\directxⅱ\gametemplate\game\release\rigidbody.obj
c:\users\kbc16b18\documents\directx\directxⅱ\gametemplate\game\release\physics.obj
c:\users\kbc16b18\documents\directx\directxⅱ\gametemplate\game\release\meshcollider.obj
c:\users\kbc16b18\documents\directx\directxⅱ\gametemplate\game\release\charactercontroller.obj
c:\users\kbc16b18\documents\directx\directxⅱ\gametemplate\game\release\interface.obj
c:\users\kbc16b18\documents\directx\directxⅱ\gametemplate\game\release\mainrendertarget.obj
c:\users\kbc16b18\documents\directx\directxⅱ\gametemplate\game\release\primitive.obj
c:\users\kbc16b18\documents\directx\directxⅱ\gametemplate\game\release\vertexbuffer.obj
c:\users\kbc16b18\documents\directx\directxⅱ\gametemplate\game\release\indexbuffer.obj
c:\users\kbc16b18\documents\directx\directxⅱ\gametemplate\game\release\posteffect.obj
c:\users\kbc16b18\documents\directx\directxⅱ\gametemplate\game\release\bloom.obj
c:\users\kbc16b18\documents\directx\directxⅱ\gametemplate\game\release\game.pch
c:\users\kbc16b18\documents\directx\directxⅱ\gametemplate\game\release\stdafx.obj
c:\users\kbc16b18\documents\directx\directxⅱ\gametemplate\release\game.exe
c:\users\kbc16b18\documents\directx\directxⅱ\gametemplate\release\game.ipdb
c:\users\kbc16b18\documents\directx\directxⅱ\gametemplate\release\game.iobj
c:\users\kbc16b18\documents\directx\directxⅱ\gametemplate\release\game.pdb
c:\users\kbc16b18\documents\github\game\gametemplate\game\release\animation.obj
c:\users\kbc16b18\documents\github\game\gametemplate\game\release\bloom.obj
c:\users\kbc16b18\documents\github\game\gametemplate\game\release\camera.obj
c:\users\kbc16b18\documents\github\game\gametemplate\game\release\cameracollisionsolver.obj
c:\users\kbc16b18\documents\github\game\gametemplate\game\release\capsulecollider.obj
c:\users\kbc16b18\documents\github\game\gametemplate\game\release\charactercontroller.obj
c:\users\kbc16b18\documents\github\game\gametemplate\game\release\clearmarker.obj
c:\users\kbc16b18\documents\github\game\gametemplate\game\release\effectmanager.obj
c:\users\kbc16b18\documents\github\game\gametemplate\game\release\enemy.obj
c:\users\kbc16b18\documents\github\game\gametemplate\game\release\enemymanager.obj
c:\users\kbc16b18\documents\github\game\gametemplate\game\release\gamecamera.obj
c:\users\kbc16b18\documents\github\game\gametemplate\game\release\gameoverscene.obj
c:\users\kbc16b18\documents\github\game\gametemplate\game\release\gamescene.obj
c:\users\kbc16b18\documents\github\game\gametemplate\game\release\hpgauge.obj
c:\users\kbc16b18\documents\github\game\gametemplate\game\release\indexbuffer.obj
c:\users\kbc16b18\documents\github\game\gametemplate\game\release\interface.obj
c:\users\kbc16b18\documents\github\game\gametemplate\game\release\loadingscene.obj
c:\users\kbc16b18\documents\github\game\gametemplate\game\release\main.obj
c:\users\kbc16b18\documents\github\game\gametemplate\game\release\mainrendertarget.obj
c:\users\kbc16b18\documents\github\game\gametemplate\game\release\map.obj
c:\users\kbc16b18\documents\github\game\gametemplate\game\release\mapchip.obj
c:\users\kbc16b18\documents\github\game\gametemplate\game\release\meshcollider.obj
c:\users\kbc16b18\documents\github\game\gametemplate\game\release\number.obj
c:\users\kbc16b18\documents\github\game\gametemplate\game\release\pad.obj
c:\users\kbc16b18\documents\github\game\gametemplate\game\release\physics.obj
c:\users\kbc16b18\documents\github\game\gametemplate\game\release\player.obj
c:\users\kbc16b18\documents\github\game\gametemplate\game\release\posteffect.obj
c:\users\kbc16b18\documents\github\game\gametemplate\game\release\primitive.obj
c:\users\kbc16b18\documents\github\game\gametemplate\game\release\rendertarget.obj
c:\users\kbc16b18\documents\github\game\gametemplate\game\release\resultscene.obj
c:\users\kbc16b18\documents\github\game\gametemplate\game\release\rigidbody.obj
c:\users\kbc16b18\documents\github\game\gametemplate\game\release\scenebase.obj
c:\users\kbc16b18\documents\github\game\gametemplate\game\release\scenemanager.obj
c:\users\kbc16b18\documents\github\game\gametemplate\game\release\shadowmap.obj
c:\users\kbc16b18\documents\github\game\gametemplate\game\release\showscore.obj
c:\users\kbc16b18\documents\github\game\gametemplate\game\release\skelton.obj
c:\users\kbc16b18\documents\github\game\gametemplate\game\release\skinmodel.obj
c:\users\kbc16b18\documents\github\game\gametemplate\game\release\skinmodeldata.obj
c:\users\kbc16b18\documents\github\game\gametemplate\game\release\sky.obj
c:\users\kbc16b18\documents\github\game\gametemplate\game\release\spherecollider.obj
c:\users\kbc16b18\documents\github\game\gametemplate\game\release\sprite.obj
c:\users\kbc16b18\documents\github\game\gametemplate\game\release\stdafx.obj
c:\users\kbc16b18\documents\github\game\gametemplate\game\release\system.obj
c:\users\kbc16b18\documents\github\game\gametemplate\game\release\titlescene.obj
c:\users\kbc16b18\documents\github\game\gametemplate\game\release\vertexbuffer.obj
c:\users\kbc16b18\documents\github\game\gametemplate\game\release\game.pch
c:\users\kbc16b18\documents\github\game\gametemplate\game\release\vc140.pdb
c:\users\kbc16b18\documents\github\game\gametemplate\release\game.pdb
c:\users\kbc16b18\documents\github\game\gametemplate\release\game.exe
c:\users\kbc16b18\documents\github\game\gametemplate\game\release\game.tlog\cl.command.1.tlog
c:\users\kbc16b18\documents\github\game\gametemplate\game\release\game.tlog\cl.read.1.tlog
c:\users\kbc16b18\documents\github\game\gametemplate\game\release\game.tlog\cl.write.1.tlog
c:\users\kbc16b18\documents\github\game\gametemplate\game\release\game.tlog\link.command.1.tlog
c:\users\kbc16b18\documents\github\game\gametemplate\game\release\game.tlog\link.read.1.tlog
c:\users\kbc16b18\documents\github\game\gametemplate\game\release\game.tlog\link.write.1.tlog
